<?xml version="1.0" encoding="UTF-8"?>
<!-- Generated by org.testng.reporters.JUnitReportReporter -->
<testsuite skipped="0" hostname="Natarajans-MacBook-Pro.local" name="com.clearcode.testsuite.TestSuite1" tests="2" failures="0" timestamp="2020-05-16T18:38:19 IST" time="6.487" errors="0">
  <testcase name="test2" time="4.205" classname="com.clearcode.testsuite.TestSuite1"/>
  <testcase name="test1" time="2.282" classname="com.clearcode.testsuite.TestSuite1"/>
</testsuite> <!-- com.clearcode.testsuite.TestSuite1 -->
