<?xml version="1.0" encoding="UTF-8"?>
<!-- Generated by org.testng.reporters.JUnitReportReporter -->
<testsuite skipped="0" hostname="Natarajans-MacBook-Pro.local" name="com.clearcode.testsuite.TestSuite2" tests="1" failures="0" timestamp="2020-05-10T13:07:55 IST" time="3.606" errors="0">
  <testcase name="test3" time="3.606" classname="com.clearcode.testsuite.TestSuite2"/>
</testsuite> <!-- com.clearcode.testsuite.TestSuite2 -->
