<?xml version="1.0" encoding="UTF-8"?>
<!-- Generated by org.testng.reporters.JUnitReportReporter -->
<testsuite skipped="1" hostname="Natarajans-MacBook-Pro.local" name="com.clearcode.testsuite.TestSuite1" tests="2" failures="0" timestamp="2020-05-17T17:11:09 IST" time="15.005" errors="0">
  <testcase name="createPatient" time="15.005" classname="com.clearcode.testsuite.TestSuite1"/>
  <testcase name="test2" classname="com.clearcode.testsuite.TestSuite1">
    <skipped/>
  </testcase> <!-- test2 -->
</testsuite> <!-- com.clearcode.testsuite.TestSuite1 -->
