<?xml version="1.0" encoding="UTF-8"?>
<!-- Generated by org.testng.reporters.JUnitReportReporter -->
<testsuite skipped="0" hostname="Natarajans-MacBook-Pro.local" name="com.clearcode.testsuite.TestSuite1" tests="2" failures="0" timestamp="2020-05-10T13:07:44 IST" time="7.724" errors="0">
  <testcase name="test2" time="6.067" classname="com.clearcode.testsuite.TestSuite1"/>
  <testcase name="test1" time="1.657" classname="com.clearcode.testsuite.TestSuite1"/>
</testsuite> <!-- com.clearcode.testsuite.TestSuite1 -->
