<?xml version="1.0" encoding="UTF-8"?>
<!-- Generated by org.testng.reporters.JUnitReportReporter -->
<testsuite skipped="0" hostname="Natarajans-MacBook-Pro.local" name="com.clearcode.testsuite.TestSuite2" tests="1" failures="0" timestamp="2020-05-17T17:56:59 IST" time="4.464" errors="0">
  <testcase name="test3" time="4.464" classname="com.clearcode.testsuite.TestSuite2"/>
</testsuite> <!-- com.clearcode.testsuite.TestSuite2 -->
